    1  exit
    2  ls
    3  cd sever_lesson
    4  cd server_lesson
    5  ls
    6  cd server_lesson
    7  cd ../
    8  ls
    9  cd ../_
   10  cd ../
   11  ls
   12  cd /vagrant
   13  ls
   14  cd ../
   15  ls
   16  cd vagrant
   17  ls
   18  exit
   19  ls
   20  cd server_lesson
   21  ls
   22  cd server_lesson
   23  ls
   24  cd ../
   25  ls
   26  rm -r server_lesson
   27  ls
   28  git remote add origin https://github.com/mizno-github/server_lesson_git
   29  git -help
   30  git log
   31  git clone origin https://github.com/mizno-github/server_lesson_git
   32  git clone https://github.com/mizno-github/server_lesson_git
   33  ls
   34  cd server_lesson_git
   35  ls
   36  cd server_lesson
   37  ls
   38  mkdir linux_practice2
   39  ls
   40  cd linux_practice1
   41  ls
   42  cd public
   43  ls
   44  cd ../
   45  cd tmp
   46  ls
   47  rm *bk.php
   48  ls
   49  cd ../
   50  cd public
   51  ls
   52  cd ../
   53  ls
   54  cat README.md
   55  vi README.md
   56  localectl status
   57  less /etc/locale.conf
   58  localectl set-locale LANG=ja_JP.utf8
   59  vi /etc/locale.conf
   60  sudo vi /etc/locale.conf
   61  localectl status
   62  vi README.md
   63  source /etc/locale.conf
   64  vi README.md
   65  sudo vi /etc/locale.conf
   66  vi README.md
   67  source /etc/locale.conf
   68  vi README.md
   69  localectl status
   70  :set enc?
   71  vi README.md
   72  git add .
   73  çgit add . -a
   74  git add . -a
   75  git add . -A
   76  git commit -m 'READMEã®ç·¨é›†ã¨ãƒ•ã‚¡ã‚¤ãƒ«æ§‹æˆã®æœ€çµ‚èª¿æ•´'
   77  git merge origin master
   78  git push origin master
   79  git branch 
   80  git branch question2
   81  çgit branch
   82  git branch
   83  git checkout question2
   84  ls
   85  cd linux_practice2
   86  touch gizumo{01..50}.md
   87  ls
   88  mkdir trash 
   89  mv gizumo{20..40}.md trash
   90  cd trash
   91  ls
   92  cd ../
   93  touch .gitignore
   94  vi .gitignore
   95  history -300 > exec_command.log
   96  history 300 > exec_command.log
